[debug] [2017-11-23T06:00:04.676Z] ----------------------------------------------------------------------
[debug] [2017-11-23T06:00:04.680Z] Command:       C:\Program Files\nodejs\node.exe C:\Users\HCBBOOK\AppData\Roaming\npm\node_modules\firebase-tools\bin\firebase serve
[debug] [2017-11-23T06:00:04.680Z] CLI Version:   3.15.3
[debug] [2017-11-23T06:00:04.680Z] Platform:      win32
[debug] [2017-11-23T06:00:04.680Z] Node Version:  v9.2.0
[debug] [2017-11-23T06:00:04.681Z] Time:          Thu Nov 23 2017 13:00:04 GMT+0700 (SE Asia Standard Time)
[debug] [2017-11-23T06:00:04.681Z] ----------------------------------------------------------------------
[debug] 
[debug] [2017-11-23T06:00:04.697Z] > command requires scopes: ["email","openid","https://www.googleapis.com/auth/cloudplatformprojects.readonly","https://www.googleapis.com/auth/firebase","https://www.googleapis.com/auth/cloud-platform"]
[debug] [2017-11-23T06:00:04.697Z] > authorizing via signed-in user
[debug] [2017-11-23T06:00:04.700Z] >>> HTTP REQUEST GET https://admin.firebase.com/v1/projects/fifo-88857  
 Thu Nov 23 2017 13:00:04 GMT+0700 (SE Asia Standard Time)
[debug] [2017-11-23T06:00:05.894Z] <<< HTTP RESPONSE 200
[debug] [2017-11-23T06:00:05.896Z] >>> HTTP REQUEST GET https://admin.firebase.com/v1/database/fifo-88857/tokens  
 Thu Nov 23 2017 13:00:05 GMT+0700 (SE Asia Standard Time)
[debug] [2017-11-23T06:00:06.865Z] <<< HTTP RESPONSE 200
[info] 
[info] === Serving from 'C:\Users\HCBBOOK\friendlychat-web-master\web-start'...
[info] 
[debug] [2017-11-23T06:00:06.873Z] >>> HTTP REQUEST GET https://cloudresourcemanager.googleapis.com/v1/projects/fifo-88857  
 Thu Nov 23 2017 13:00:06 GMT+0700 (SE Asia Standard Time)
[debug] [2017-11-23T06:00:08.782Z] <<< HTTP RESPONSE 200
[debug] [2017-11-23T06:00:08.783Z] >>> HTTP REQUEST GET https://mobilesdk-pa.googleapis.com/v1/projects/1096290407170/clients/_:getWebAppConfig  
 Thu Nov 23 2017 13:00:08 GMT+0700 (SE Asia Standard Time)
[debug] [2017-11-23T06:00:09.740Z] <<< HTTP RESPONSE 200
[info] i  hosting: Serving hosting files from: ./
[info] +  hosting: Local server: http://localhost:5000

